<?xml version="1.0" encoding="UTF-8"?>
<!-- Generated by org.testng.reporters.JUnitReportReporter -->
<testsuite hostname="ojt10-PC" name="DriverFactory.AppTest" tests="1" failures="0" timestamp="21 Oct 2019 05:53:07 GMT" time="35.087" errors="0">
  <testcase name="ERP_Strat" time="35.087" classname="DriverFactory.AppTest"/>
</testsuite> <!-- DriverFactory.AppTest -->
